2023-05-30T13:45:44.936362+0200 DEBUG Bracket ID 0:
| budget  | pending | waiting |  done   |
-----------------------------------------
|  5.56   |    8    |    1    |    0    |
|  16.67  |    3    |    0    |    0    |
|  50.00  |    1    |    0    |    0    |
-----------------------------------------
2023-05-30T13:45:44.936362+0200 DEBUG Collecting 1 of the 1 job(s) active.
2023-05-30T13:45:44.945336+0200 DEBUG Bracket ID 0:
| budget  | pending | waiting |  done   |
-----------------------------------------
|  5.56   |    7    |    1    |    1    |
|  16.67  |    3    |    0    |    0    |
|  50.00  |    1    |    0    |    0    |
-----------------------------------------
2023-05-30T13:45:44.945336+0200 DEBUG Collecting 1 of the 1 job(s) active.
2023-05-30T13:45:44.955313+0200 DEBUG Bracket ID 0:
| budget  | pending | waiting |  done   |
-----------------------------------------
|  5.56   |    6    |    1    |    2    |
|  16.67  |    3    |    0    |    0    |
|  50.00  |    1    |    0    |    0    |
-----------------------------------------
2023-05-30T13:45:44.955313+0200 DEBUG Collecting 1 of the 1 job(s) active.
2023-05-30T13:45:44.963291+0200 DEBUG Bracket ID 0:
| budget  | pending | waiting |  done   |
-----------------------------------------
|  5.56   |    5    |    1    |    3    |
|  16.67  |    3    |    0    |    0    |
|  50.00  |    1    |    0    |    0    |
-----------------------------------------
2023-05-30T13:45:44.964287+0200 DEBUG Collecting 1 of the 1 job(s) active.
2023-05-30T13:45:44.972266+0200 DEBUG Bracket ID 0:
| budget  | pending | waiting |  done   |
-----------------------------------------
|  5.56   |    4    |    1    |    4    |
|  16.67  |    3    |    0    |    0    |
|  50.00  |    1    |    0    |    0    |
-----------------------------------------
2023-05-30T13:45:44.972266+0200 DEBUG Collecting 1 of the 1 job(s) active.
2023-05-30T13:45:44.980243+0200 DEBUG Bracket ID 0:
| budget  | pending | waiting |  done   |
-----------------------------------------
|  5.56   |    3    |    1    |    5    |
|  16.67  |    3    |    0    |    0    |
|  50.00  |    1    |    0    |    0    |
-----------------------------------------
2023-05-30T13:45:44.980243+0200 DEBUG Collecting 1 of the 1 job(s) active.
2023-05-30T13:45:44.989215+0200 DEBUG Bracket ID 0:
| budget  | pending | waiting |  done   |
-----------------------------------------
|  5.56   |    2    |    1    |    6    |
|  16.67  |    3    |    0    |    0    |
|  50.00  |    1    |    0    |    0    |
-----------------------------------------
2023-05-30T13:45:44.989215+0200 DEBUG Collecting 1 of the 1 job(s) active.
2023-05-30T13:45:44.998189+0200 DEBUG Bracket ID 0:
| budget  | pending | waiting |  done   |
-----------------------------------------
|  5.56   |    1    |    1    |    7    |
|  16.67  |    3    |    0    |    0    |
|  50.00  |    1    |    0    |    0    |
-----------------------------------------
2023-05-30T13:45:44.998189+0200 DEBUG Collecting 1 of the 1 job(s) active.
2023-05-30T13:45:45.007167+0200 DEBUG Bracket ID 0:
| budget  | pending | waiting |  done   |
-----------------------------------------
|  5.56   |    0    |    1    |    8    |
|  16.67  |    3    |    0    |    0    |
|  50.00  |    1    |    0    |    0    |
-----------------------------------------
2023-05-30T13:45:45.008163+0200 DEBUG Collecting 1 of the 1 job(s) active.
2023-05-30T13:45:45.029106+0200 DEBUG Bracket ID 0:
| budget  | pending | waiting |  done   |
-----------------------------------------
|  5.56   |    0    |    0    |    9    |
|  16.67  |    2    |    1    |    0    |
|  50.00  |    1    |    0    |    0    |
-----------------------------------------
2023-05-30T13:45:45.029106+0200 DEBUG Collecting 1 of the 1 job(s) active.
2023-05-30T13:45:45.051050+0200 DEBUG Bracket ID 0:
| budget  | pending | waiting |  done   |
-----------------------------------------
|  5.56   |    0    |    0    |    9    |
|  16.67  |    1    |    1    |    1    |
|  50.00  |    1    |    0    |    0    |
-----------------------------------------
2023-05-30T13:45:45.051050+0200 DEBUG Collecting 1 of the 1 job(s) active.
2023-05-30T13:45:45.072000+0200 DEBUG Bracket ID 0:
| budget  | pending | waiting |  done   |
-----------------------------------------
|  5.56   |    0    |    0    |    9    |
|  16.67  |    0    |    1    |    2    |
|  50.00  |    1    |    0    |    0    |
-----------------------------------------
2023-05-30T13:45:45.072000+0200 DEBUG Collecting 1 of the 1 job(s) active.
2023-05-30T13:45:45.130843+0200 DEBUG Bracket ID 0:
| budget  | pending | waiting |  done   |
-----------------------------------------
|  5.56   |    0    |    0    |    9    |
|  16.67  |    0    |    0    |    3    |
|  50.00  |    0    |    1    |    0    |
-----------------------------------------
2023-05-30T13:45:45.130843+0200 DEBUG Collecting 1 of the 1 job(s) active.
2023-05-30T13:45:45.153779+0200 DEBUG Bracket ID 1:
| budget  | pending | waiting |  done   |
-----------------------------------------
|  16.67  |    2    |    1    |    0    |
|  50.00  |    1    |    0    |    0    |
-----------------------------------------
2023-05-30T13:45:45.153779+0200 DEBUG Collecting 1 of the 1 job(s) active.
2023-05-30T13:45:45.174725+0200 DEBUG Bracket ID 1:
| budget  | pending | waiting |  done   |
-----------------------------------------
|  16.67  |    1    |    1    |    1    |
|  50.00  |    1    |    0    |    0    |
-----------------------------------------
2023-05-30T13:45:45.174725+0200 DEBUG Collecting 1 of the 1 job(s) active.
2023-05-30T13:45:45.196670+0200 DEBUG Bracket ID 1:
| budget  | pending | waiting |  done   |
-----------------------------------------
|  16.67  |    0    |    1    |    2    |
|  50.00  |    1    |    0    |    0    |
-----------------------------------------
2023-05-30T13:45:45.196670+0200 DEBUG Collecting 1 of the 1 job(s) active.
2023-05-30T13:45:45.257505+0200 DEBUG Bracket ID 1:
| budget  | pending | waiting |  done   |
-----------------------------------------
|  16.67  |    0    |    0    |    3    |
|  50.00  |    0    |    1    |    0    |
-----------------------------------------
2023-05-30T13:45:45.257505+0200 DEBUG Collecting 1 of the 1 job(s) active.
2023-05-30T13:45:45.314354+0200 DEBUG Bracket ID 2:
| budget  | pending | waiting |  done   |
-----------------------------------------
|  50.00  |    2    |    1    |    0    |
-----------------------------------------
2023-05-30T13:45:45.315349+0200 DEBUG Collecting 1 of the 1 job(s) active.
2023-05-30T13:45:45.371199+0200 DEBUG Bracket ID 2:
| budget  | pending | waiting |  done   |
-----------------------------------------
|  50.00  |    1    |    1    |    1    |
-----------------------------------------
2023-05-30T13:45:45.371199+0200 DEBUG Collecting 1 of the 1 job(s) active.
2023-05-30T13:45:45.432039+0200 DEBUG Bracket ID 2:
| budget  | pending | waiting |  done   |
-----------------------------------------
|  50.00  |    0    |    1    |    2    |
-----------------------------------------
2023-05-30T13:45:45.432039+0200 DEBUG Collecting 1 of the 1 job(s) active.
2023-05-30T13:45:45.441015+0200 DEBUG Bracket ID 3:
| budget  | pending | waiting |  done   |
-----------------------------------------
|  5.56   |    8    |    1    |    0    |
|  16.67  |    3    |    0    |    0    |
|  50.00  |    1    |    0    |    0    |
-----------------------------------------
2023-05-30T13:45:45.441015+0200 DEBUG Collecting 1 of the 1 job(s) active.
2023-05-30T13:45:45.448992+0200 DEBUG Bracket ID 3:
| budget  | pending | waiting |  done   |
-----------------------------------------
|  5.56   |    7    |    1    |    1    |
|  16.67  |    3    |    0    |    0    |
|  50.00  |    1    |    0    |    0    |
-----------------------------------------
2023-05-30T13:45:45.449991+0200 DEBUG Collecting 1 of the 1 job(s) active.
2023-05-30T13:45:45.457969+0200 DEBUG Bracket ID 3:
| budget  | pending | waiting |  done   |
-----------------------------------------
|  5.56   |    6    |    1    |    2    |
|  16.67  |    3    |    0    |    0    |
|  50.00  |    1    |    0    |    0    |
-----------------------------------------
2023-05-30T13:45:45.457969+0200 DEBUG Collecting 1 of the 1 job(s) active.
2023-05-30T13:45:45.466943+0200 DEBUG Bracket ID 3:
| budget  | pending | waiting |  done   |
-----------------------------------------
|  5.56   |    5    |    1    |    3    |
|  16.67  |    3    |    0    |    0    |
|  50.00  |    1    |    0    |    0    |
-----------------------------------------
2023-05-30T13:45:45.466943+0200 DEBUG Collecting 1 of the 1 job(s) active.
2023-05-30T13:45:45.475989+0200 DEBUG Bracket ID 3:
| budget  | pending | waiting |  done   |
-----------------------------------------
|  5.56   |    4    |    1    |    4    |
|  16.67  |    3    |    0    |    0    |
|  50.00  |    1    |    0    |    0    |
-----------------------------------------
2023-05-30T13:45:45.476939+0200 DEBUG Collecting 1 of the 1 job(s) active.
2023-05-30T13:45:45.485195+0200 DEBUG Bracket ID 3:
| budget  | pending | waiting |  done   |
-----------------------------------------
|  5.56   |    3    |    1    |    5    |
|  16.67  |    3    |    0    |    0    |
|  50.00  |    1    |    0    |    0    |
-----------------------------------------
2023-05-30T13:45:45.486197+0200 DEBUG Collecting 1 of the 1 job(s) active.
2023-05-30T13:45:45.495183+0200 DEBUG Bracket ID 3:
| budget  | pending | waiting |  done   |
-----------------------------------------
|  5.56   |    2    |    1    |    6    |
|  16.67  |    3    |    0    |    0    |
|  50.00  |    1    |    0    |    0    |
-----------------------------------------
2023-05-30T13:45:45.495183+0200 DEBUG Collecting 1 of the 1 job(s) active.
2023-05-30T13:45:45.504127+0200 DEBUG Bracket ID 3:
| budget  | pending | waiting |  done   |
-----------------------------------------
|  5.56   |    1    |    1    |    7    |
|  16.67  |    3    |    0    |    0    |
|  50.00  |    1    |    0    |    0    |
-----------------------------------------
2023-05-30T13:45:45.504127+0200 DEBUG Collecting 1 of the 1 job(s) active.
2023-05-30T13:45:45.513103+0200 DEBUG Bracket ID 3:
| budget  | pending | waiting |  done   |
-----------------------------------------
|  5.56   |    0    |    1    |    8    |
|  16.67  |    3    |    0    |    0    |
|  50.00  |    1    |    0    |    0    |
-----------------------------------------
2023-05-30T13:45:45.513103+0200 DEBUG Collecting 1 of the 1 job(s) active.
2023-05-30T13:45:45.539058+0200 DEBUG Bracket ID 3:
| budget  | pending | waiting |  done   |
-----------------------------------------
|  5.56   |    0    |    0    |    9    |
|  16.67  |    2    |    1    |    0    |
|  50.00  |    1    |    0    |    0    |
-----------------------------------------
2023-05-30T13:45:45.540030+0200 DEBUG Collecting 1 of the 1 job(s) active.
2023-05-30T13:45:45.567957+0200 DEBUG Bracket ID 3:
| budget  | pending | waiting |  done   |
-----------------------------------------
|  5.56   |    0    |    0    |    9    |
|  16.67  |    1    |    1    |    1    |
|  50.00  |    1    |    0    |    0    |
-----------------------------------------
2023-05-30T13:45:45.567957+0200 DEBUG Collecting 1 of the 1 job(s) active.
2023-05-30T13:45:45.593918+0200 DEBUG Bracket ID 3:
| budget  | pending | waiting |  done   |
-----------------------------------------
|  5.56   |    0    |    0    |    9    |
|  16.67  |    0    |    1    |    2    |
|  50.00  |    1    |    0    |    0    |
-----------------------------------------
2023-05-30T13:45:45.593918+0200 DEBUG Collecting 1 of the 1 job(s) active.
2023-05-30T13:45:45.655753+0200 DEBUG Bracket ID 3:
| budget  | pending | waiting |  done   |
-----------------------------------------
|  5.56   |    0    |    0    |    9    |
|  16.67  |    0    |    0    |    3    |
|  50.00  |    0    |    1    |    0    |
-----------------------------------------
2023-05-30T13:45:45.655753+0200 DEBUG Collecting 1 of the 1 job(s) active.
2023-05-30T13:45:45.676697+0200 DEBUG Bracket ID 4:
| budget  | pending | waiting |  done   |
-----------------------------------------
|  16.67  |    2    |    1    |    0    |
|  50.00  |    1    |    0    |    0    |
-----------------------------------------
2023-05-30T13:45:45.676697+0200 DEBUG Collecting 1 of the 1 job(s) active.
2023-05-30T13:45:45.697641+0200 DEBUG Bracket ID 4:
| budget  | pending | waiting |  done   |
-----------------------------------------
|  16.67  |    1    |    1    |    1    |
|  50.00  |    1    |    0    |    0    |
-----------------------------------------
2023-05-30T13:45:45.697641+0200 DEBUG Collecting 1 of the 1 job(s) active.
2023-05-30T13:45:45.719578+0200 DEBUG Bracket ID 4:
| budget  | pending | waiting |  done   |
-----------------------------------------
|  16.67  |    0    |    1    |    2    |
|  50.00  |    1    |    0    |    0    |
-----------------------------------------
2023-05-30T13:45:45.719578+0200 DEBUG Collecting 1 of the 1 job(s) active.
2023-05-30T13:45:45.782415+0200 DEBUG Bracket ID 4:
| budget  | pending | waiting |  done   |
-----------------------------------------
|  16.67  |    0    |    0    |    3    |
|  50.00  |    0    |    1    |    0    |
-----------------------------------------
2023-05-30T13:45:45.782415+0200 DEBUG Collecting 1 of the 1 job(s) active.
2023-05-30T13:45:45.836273+0200 DEBUG Bracket ID 5:
| budget  | pending | waiting |  done   |
-----------------------------------------
|  50.00  |    2    |    1    |    0    |
-----------------------------------------
2023-05-30T13:45:45.836273+0200 DEBUG Collecting 1 of the 1 job(s) active.
2023-05-30T13:45:45.897488+0200 DEBUG Bracket ID 5:
| budget  | pending | waiting |  done   |
-----------------------------------------
|  50.00  |    1    |    1    |    1    |
-----------------------------------------
2023-05-30T13:45:45.897488+0200 DEBUG Collecting 1 of the 1 job(s) active.
2023-05-30T13:45:45.957320+0200 DEBUG Bracket ID 5:
| budget  | pending | waiting |  done   |
-----------------------------------------
|  50.00  |    0    |    1    |    2    |
-----------------------------------------
2023-05-30T13:45:45.957320+0200 DEBUG Collecting 1 of the 1 job(s) active.
2023-05-30T13:45:45.967270+0200 DEBUG Bracket ID 6:
| budget  | pending | waiting |  done   |
-----------------------------------------
|  5.56   |    8    |    1    |    0    |
|  16.67  |    3    |    0    |    0    |
|  50.00  |    1    |    0    |    0    |
-----------------------------------------
2023-05-30T13:45:45.967270+0200 DEBUG Collecting 1 of the 1 job(s) active.
2023-05-30T13:45:45.979348+0200 DEBUG Bracket ID 6:
| budget  | pending | waiting |  done   |
-----------------------------------------
|  5.56   |    7    |    1    |    1    |
|  16.67  |    3    |    0    |    0    |
|  50.00  |    1    |    0    |    0    |
-----------------------------------------
2023-05-30T13:45:45.979348+0200 DEBUG Collecting 1 of the 1 job(s) active.
2023-05-30T13:45:45.989302+0200 DEBUG Bracket ID 6:
| budget  | pending | waiting |  done   |
-----------------------------------------
|  5.56   |    6    |    1    |    2    |
|  16.67  |    3    |    0    |    0    |
|  50.00  |    1    |    0    |    0    |
-----------------------------------------
2023-05-30T13:45:45.990294+0200 DEBUG Collecting 1 of the 1 job(s) active.
2023-05-30T13:45:45.999301+0200 DEBUG Bracket ID 6:
| budget  | pending | waiting |  done   |
-----------------------------------------
|  5.56   |    5    |    1    |    3    |
|  16.67  |    3    |    0    |    0    |
|  50.00  |    1    |    0    |    0    |
-----------------------------------------
2023-05-30T13:45:45.999301+0200 DEBUG Collecting 1 of the 1 job(s) active.
2023-05-30T13:45:46.008280+0200 DEBUG Bracket ID 6:
| budget  | pending | waiting |  done   |
-----------------------------------------
|  5.56   |    4    |    1    |    4    |
|  16.67  |    3    |    0    |    0    |
|  50.00  |    1    |    0    |    0    |
-----------------------------------------
2023-05-30T13:45:46.008280+0200 DEBUG Collecting 1 of the 1 job(s) active.
2023-05-30T13:45:46.017254+0200 DEBUG Bracket ID 6:
| budget  | pending | waiting |  done   |
-----------------------------------------
|  5.56   |    3    |    1    |    5    |
|  16.67  |    3    |    0    |    0    |
|  50.00  |    1    |    0    |    0    |
-----------------------------------------
2023-05-30T13:45:46.017254+0200 DEBUG Collecting 1 of the 1 job(s) active.
2023-05-30T13:45:46.027232+0200 DEBUG Bracket ID 6:
| budget  | pending | waiting |  done   |
-----------------------------------------
|  5.56   |    2    |    1    |    6    |
|  16.67  |    3    |    0    |    0    |
|  50.00  |    1    |    0    |    0    |
-----------------------------------------
2023-05-30T13:45:46.027232+0200 DEBUG Collecting 1 of the 1 job(s) active.
2023-05-30T13:45:46.036204+0200 DEBUG Bracket ID 6:
| budget  | pending | waiting |  done   |
-----------------------------------------
|  5.56   |    1    |    1    |    7    |
|  16.67  |    3    |    0    |    0    |
|  50.00  |    1    |    0    |    0    |
-----------------------------------------
2023-05-30T13:45:46.036204+0200 DEBUG Collecting 1 of the 1 job(s) active.
2023-05-30T13:45:46.045182+0200 DEBUG Bracket ID 6:
| budget  | pending | waiting |  done   |
-----------------------------------------
|  5.56   |    0    |    1    |    8    |
|  16.67  |    3    |    0    |    0    |
|  50.00  |    1    |    0    |    0    |
-----------------------------------------
2023-05-30T13:45:46.045182+0200 DEBUG Collecting 1 of the 1 job(s) active.
2023-05-30T13:45:46.071080+0200 DEBUG Bracket ID 6:
| budget  | pending | waiting |  done   |
-----------------------------------------
|  5.56   |    0    |    0    |    9    |
|  16.67  |    2    |    1    |    0    |
|  50.00  |    1    |    0    |    0    |
-----------------------------------------
2023-05-30T13:45:46.071080+0200 DEBUG Collecting 1 of the 1 job(s) active.
2023-05-30T13:45:46.106987+0200 DEBUG Bracket ID 6:
| budget  | pending | waiting |  done   |
-----------------------------------------
|  5.56   |    0    |    0    |    9    |
|  16.67  |    1    |    1    |    1    |
|  50.00  |    1    |    0    |    0    |
-----------------------------------------
2023-05-30T13:45:46.106987+0200 DEBUG Collecting 1 of the 1 job(s) active.
2023-05-30T13:45:46.128925+0200 DEBUG Bracket ID 6:
| budget  | pending | waiting |  done   |
-----------------------------------------
|  5.56   |    0    |    0    |    9    |
|  16.67  |    0    |    1    |    2    |
|  50.00  |    1    |    0    |    0    |
-----------------------------------------
2023-05-30T13:45:46.128925+0200 DEBUG Collecting 1 of the 1 job(s) active.
2023-05-30T13:45:46.187768+0200 DEBUG Bracket ID 6:
| budget  | pending | waiting |  done   |
-----------------------------------------
|  5.56   |    0    |    0    |    9    |
|  16.67  |    0    |    0    |    3    |
|  50.00  |    0    |    1    |    0    |
-----------------------------------------
2023-05-30T13:45:46.187768+0200 DEBUG Collecting 1 of the 1 job(s) active.
2023-05-30T13:45:46.208712+0200 DEBUG Bracket ID 7:
| budget  | pending | waiting |  done   |
-----------------------------------------
|  16.67  |    2    |    1    |    0    |
|  50.00  |    1    |    0    |    0    |
-----------------------------------------
2023-05-30T13:45:46.208712+0200 DEBUG Collecting 1 of the 1 job(s) active.
2023-05-30T13:45:46.228664+0200 DEBUG Bracket ID 7:
| budget  | pending | waiting |  done   |
-----------------------------------------
|  16.67  |    1    |    1    |    1    |
|  50.00  |    1    |    0    |    0    |
-----------------------------------------
2023-05-30T13:45:46.229656+0200 DEBUG Collecting 1 of the 1 job(s) active.
2023-05-30T13:45:46.251598+0200 DEBUG Bracket ID 7:
| budget  | pending | waiting |  done   |
-----------------------------------------
|  16.67  |    0    |    1    |    2    |
|  50.00  |    1    |    0    |    0    |
-----------------------------------------
2023-05-30T13:45:46.251598+0200 DEBUG Collecting 1 of the 1 job(s) active.
2023-05-30T13:45:46.311438+0200 DEBUG Bracket ID 7:
| budget  | pending | waiting |  done   |
-----------------------------------------
|  16.67  |    0    |    0    |    3    |
|  50.00  |    0    |    1    |    0    |
-----------------------------------------
2023-05-30T13:45:46.311438+0200 DEBUG Collecting 1 of the 1 job(s) active.
2023-05-30T13:45:46.368286+0200 DEBUG Bracket ID 8:
| budget  | pending | waiting |  done   |
-----------------------------------------
|  50.00  |    2    |    1    |    0    |
-----------------------------------------
2023-05-30T13:45:46.369284+0200 DEBUG Collecting 1 of the 1 job(s) active.
2023-05-30T13:45:46.428126+0200 DEBUG Bracket ID 8:
| budget  | pending | waiting |  done   |
-----------------------------------------
|  50.00  |    1    |    1    |    1    |
-----------------------------------------
2023-05-30T13:45:46.428126+0200 DEBUG Collecting 1 of the 1 job(s) active.
2023-05-30T13:45:46.487967+0200 DEBUG Bracket ID 8:
| budget  | pending | waiting |  done   |
-----------------------------------------
|  50.00  |    0    |    1    |    2    |
-----------------------------------------
2023-05-30T13:45:46.487967+0200 DEBUG Collecting 1 of the 1 job(s) active.
2023-05-30T13:45:46.496985+0200 DEBUG Bracket ID 9:
| budget  | pending | waiting |  done   |
-----------------------------------------
|  5.56   |    8    |    1    |    0    |
|  16.67  |    3    |    0    |    0    |
|  50.00  |    1    |    0    |    0    |
-----------------------------------------
2023-05-30T13:45:46.496985+0200 DEBUG Collecting 1 of the 1 job(s) active.
2023-05-30T13:45:46.538220+0200 DEBUG Bracket ID 9:
| budget  | pending | waiting |  done   |
-----------------------------------------
|  5.56   |    7    |    1    |    1    |
|  16.67  |    3    |    0    |    0    |
|  50.00  |    1    |    0    |    0    |
-----------------------------------------
2023-05-30T13:45:46.538220+0200 DEBUG Collecting 1 of the 1 job(s) active.
2023-05-30T13:45:46.547229+0200 DEBUG Bracket ID 9:
| budget  | pending | waiting |  done   |
-----------------------------------------
|  5.56   |    6    |    1    |    2    |
|  16.67  |    3    |    0    |    0    |
|  50.00  |    1    |    0    |    0    |
-----------------------------------------
2023-05-30T13:45:46.547229+0200 DEBUG Collecting 1 of the 1 job(s) active.
2023-05-30T13:45:46.556205+0200 DEBUG Bracket ID 9:
| budget  | pending | waiting |  done   |
-----------------------------------------
|  5.56   |    5    |    1    |    3    |
|  16.67  |    3    |    0    |    0    |
|  50.00  |    1    |    0    |    0    |
-----------------------------------------
2023-05-30T13:45:46.556205+0200 DEBUG Collecting 1 of the 1 job(s) active.
2023-05-30T13:45:46.564185+0200 DEBUG Bracket ID 9:
| budget  | pending | waiting |  done   |
-----------------------------------------
|  5.56   |    4    |    1    |    4    |
|  16.67  |    3    |    0    |    0    |
|  50.00  |    1    |    0    |    0    |
-----------------------------------------
2023-05-30T13:45:46.564185+0200 DEBUG Collecting 1 of the 1 job(s) active.
2023-05-30T13:45:46.572164+0200 DEBUG Bracket ID 9:
| budget  | pending | waiting |  done   |
-----------------------------------------
|  5.56   |    3    |    1    |    5    |
|  16.67  |    3    |    0    |    0    |
|  50.00  |    1    |    0    |    0    |
-----------------------------------------
2023-05-30T13:45:46.572164+0200 DEBUG Collecting 1 of the 1 job(s) active.
2023-05-30T13:45:46.581138+0200 DEBUG Bracket ID 9:
| budget  | pending | waiting |  done   |
-----------------------------------------
|  5.56   |    2    |    1    |    6    |
|  16.67  |    3    |    0    |    0    |
|  50.00  |    1    |    0    |    0    |
-----------------------------------------
2023-05-30T13:45:46.582136+0200 DEBUG Collecting 1 of the 1 job(s) active.
2023-05-30T13:45:46.590117+0200 DEBUG Bracket ID 9:
| budget  | pending | waiting |  done   |
-----------------------------------------
|  5.56   |    1    |    1    |    7    |
|  16.67  |    3    |    0    |    0    |
|  50.00  |    1    |    0    |    0    |
-----------------------------------------
2023-05-30T13:45:46.590117+0200 DEBUG Collecting 1 of the 1 job(s) active.
2023-05-30T13:45:46.598092+0200 DEBUG Bracket ID 9:
| budget  | pending | waiting |  done   |
-----------------------------------------
|  5.56   |    0    |    1    |    8    |
|  16.67  |    3    |    0    |    0    |
|  50.00  |    1    |    0    |    0    |
-----------------------------------------
2023-05-30T13:45:46.598092+0200 DEBUG Collecting 1 of the 1 job(s) active.
2023-05-30T13:45:46.619036+0200 DEBUG Bracket ID 9:
| budget  | pending | waiting |  done   |
-----------------------------------------
|  5.56   |    0    |    0    |    9    |
|  16.67  |    2    |    1    |    0    |
|  50.00  |    1    |    0    |    0    |
-----------------------------------------
2023-05-30T13:45:46.619036+0200 DEBUG Collecting 1 of the 1 job(s) active.
2023-05-30T13:45:46.640947+0200 DEBUG Bracket ID 9:
| budget  | pending | waiting |  done   |
-----------------------------------------
|  5.56   |    0    |    0    |    9    |
|  16.67  |    1    |    1    |    1    |
|  50.00  |    1    |    0    |    0    |
-----------------------------------------
2023-05-30T13:45:46.640947+0200 DEBUG Collecting 1 of the 1 job(s) active.
2023-05-30T13:45:46.660926+0200 DEBUG Bracket ID 9:
| budget  | pending | waiting |  done   |
-----------------------------------------
|  5.56   |    0    |    0    |    9    |
|  16.67  |    0    |    1    |    2    |
|  50.00  |    1    |    0    |    0    |
-----------------------------------------
2023-05-30T13:45:46.660926+0200 DEBUG Collecting 1 of the 1 job(s) active.
2023-05-30T13:45:46.719767+0200 DEBUG Bracket ID 9:
| budget  | pending | waiting |  done   |
-----------------------------------------
|  5.56   |    0    |    0    |    9    |
|  16.67  |    0    |    0    |    3    |
|  50.00  |    0    |    1    |    0    |
-----------------------------------------
2023-05-30T13:45:46.719767+0200 DEBUG Collecting 1 of the 1 job(s) active.
2023-05-30T13:45:46.741710+0200 DEBUG Bracket ID 10:
| budget  | pending | waiting |  done   |
-----------------------------------------
|  16.67  |    2    |    1    |    0    |
|  50.00  |    1    |    0    |    0    |
-----------------------------------------
2023-05-30T13:45:46.741710+0200 DEBUG Collecting 1 of the 1 job(s) active.
2023-05-30T13:45:46.763652+0200 DEBUG Bracket ID 10:
| budget  | pending | waiting |  done   |
-----------------------------------------
|  16.67  |    1    |    1    |    1    |
|  50.00  |    1    |    0    |    0    |
-----------------------------------------
2023-05-30T13:45:46.763652+0200 DEBUG Collecting 1 of the 1 job(s) active.
2023-05-30T13:45:46.786592+0200 DEBUG Bracket ID 10:
| budget  | pending | waiting |  done   |
-----------------------------------------
|  16.67  |    0    |    1    |    2    |
|  50.00  |    1    |    0    |    0    |
-----------------------------------------
2023-05-30T13:45:46.786592+0200 DEBUG Collecting 1 of the 1 job(s) active.
2023-05-30T13:45:46.847395+0200 DEBUG Bracket ID 10:
| budget  | pending | waiting |  done   |
-----------------------------------------
|  16.67  |    0    |    0    |    3    |
|  50.00  |    0    |    1    |    0    |
-----------------------------------------
2023-05-30T13:45:46.847395+0200 DEBUG Collecting 1 of the 1 job(s) active.
2023-05-30T13:45:46.907237+0200 DEBUG Bracket ID 11:
| budget  | pending | waiting |  done   |
-----------------------------------------
|  50.00  |    2    |    1    |    0    |
-----------------------------------------
2023-05-30T13:45:46.908234+0200 DEBUG Collecting 1 of the 1 job(s) active.
2023-05-30T13:45:46.970099+0200 DEBUG Bracket ID 11:
| budget  | pending | waiting |  done   |
-----------------------------------------
|  50.00  |    1    |    1    |    1    |
-----------------------------------------
2023-05-30T13:45:46.970099+0200 DEBUG Collecting 1 of the 1 job(s) active.
2023-05-30T13:45:47.036914+0200 DEBUG Bracket ID 11:
| budget  | pending | waiting |  done   |
-----------------------------------------
|  50.00  |    0    |    1    |    2    |
-----------------------------------------
2023-05-30T13:45:47.037888+0200 DEBUG Collecting 1 of the 1 job(s) active.
2023-05-30T13:45:47.047861+0200 DEBUG Bracket ID 12:
| budget  | pending | waiting |  done   |
-----------------------------------------
|  5.56   |    8    |    1    |    0    |
|  16.67  |    3    |    0    |    0    |
|  50.00  |    1    |    0    |    0    |
-----------------------------------------
2023-05-30T13:45:47.047861+0200 DEBUG Collecting 1 of the 1 job(s) active.
2023-05-30T13:45:47.057835+0200 DEBUG Bracket ID 12:
| budget  | pending | waiting |  done   |
-----------------------------------------
|  5.56   |    7    |    1    |    1    |
|  16.67  |    3    |    0    |    0    |
|  50.00  |    1    |    0    |    0    |
-----------------------------------------
2023-05-30T13:45:47.057835+0200 DEBUG Collecting 1 of the 1 job(s) active.
2023-05-30T13:45:47.067808+0200 DEBUG Bracket ID 12:
| budget  | pending | waiting |  done   |
-----------------------------------------
|  5.56   |    6    |    1    |    2    |
|  16.67  |    3    |    0    |    0    |
|  50.00  |    1    |    0    |    0    |
-----------------------------------------
2023-05-30T13:45:47.067808+0200 DEBUG Collecting 1 of the 1 job(s) active.
2023-05-30T13:45:47.077808+0200 DEBUG Bracket ID 12:
| budget  | pending | waiting |  done   |
-----------------------------------------
|  5.56   |    5    |    1    |    3    |
|  16.67  |    3    |    0    |    0    |
|  50.00  |    1    |    0    |    0    |
-----------------------------------------
2023-05-30T13:45:47.077808+0200 DEBUG Collecting 1 of the 1 job(s) active.
2023-05-30T13:45:47.087754+0200 DEBUG Bracket ID 12:
| budget  | pending | waiting |  done   |
-----------------------------------------
|  5.56   |    4    |    1    |    4    |
|  16.67  |    3    |    0    |    0    |
|  50.00  |    1    |    0    |    0    |
-----------------------------------------
2023-05-30T13:45:47.087754+0200 DEBUG Collecting 1 of the 1 job(s) active.
2023-05-30T13:45:47.097727+0200 DEBUG Bracket ID 12:
| budget  | pending | waiting |  done   |
-----------------------------------------
|  5.56   |    3    |    1    |    5    |
|  16.67  |    3    |    0    |    0    |
|  50.00  |    1    |    0    |    0    |
-----------------------------------------
2023-05-30T13:45:47.097727+0200 DEBUG Collecting 1 of the 1 job(s) active.
2023-05-30T13:45:47.108701+0200 DEBUG Bracket ID 12:
| budget  | pending | waiting |  done   |
-----------------------------------------
|  5.56   |    2    |    1    |    6    |
|  16.67  |    3    |    0    |    0    |
|  50.00  |    1    |    0    |    0    |
-----------------------------------------
2023-05-30T13:45:47.108701+0200 DEBUG Collecting 1 of the 1 job(s) active.
2023-05-30T13:45:47.117674+0200 DEBUG Bracket ID 12:
| budget  | pending | waiting |  done   |
-----------------------------------------
|  5.56   |    1    |    1    |    7    |
|  16.67  |    3    |    0    |    0    |
|  50.00  |    1    |    0    |    0    |
-----------------------------------------
2023-05-30T13:45:47.117674+0200 DEBUG Collecting 1 of the 1 job(s) active.
2023-05-30T13:45:47.128645+0200 DEBUG Bracket ID 12:
| budget  | pending | waiting |  done   |
-----------------------------------------
|  5.56   |    0    |    1    |    8    |
|  16.67  |    3    |    0    |    0    |
|  50.00  |    1    |    0    |    0    |
-----------------------------------------
2023-05-30T13:45:47.128645+0200 DEBUG Collecting 1 of the 1 job(s) active.
2023-05-30T13:45:47.152581+0200 DEBUG Bracket ID 12:
| budget  | pending | waiting |  done   |
-----------------------------------------
|  5.56   |    0    |    0    |    9    |
|  16.67  |    2    |    1    |    0    |
|  50.00  |    1    |    0    |    0    |
-----------------------------------------
2023-05-30T13:45:47.152581+0200 DEBUG Collecting 1 of the 1 job(s) active.
2023-05-30T13:45:47.176547+0200 DEBUG Bracket ID 12:
| budget  | pending | waiting |  done   |
-----------------------------------------
|  5.56   |    0    |    0    |    9    |
|  16.67  |    1    |    1    |    1    |
|  50.00  |    1    |    0    |    0    |
-----------------------------------------
2023-05-30T13:45:47.176547+0200 DEBUG Collecting 1 of the 1 job(s) active.
2023-05-30T13:45:47.199456+0200 DEBUG Bracket ID 12:
| budget  | pending | waiting |  done   |
-----------------------------------------
|  5.56   |    0    |    0    |    9    |
|  16.67  |    0    |    1    |    2    |
|  50.00  |    1    |    0    |    0    |
-----------------------------------------
2023-05-30T13:45:47.199456+0200 DEBUG Collecting 1 of the 1 job(s) active.
2023-05-30T13:45:47.263320+0200 DEBUG Bracket ID 12:
| budget  | pending | waiting |  done   |
-----------------------------------------
|  5.56   |    0    |    0    |    9    |
|  16.67  |    0    |    0    |    3    |
|  50.00  |    0    |    1    |    0    |
-----------------------------------------
2023-05-30T13:45:47.264315+0200 DEBUG Collecting 1 of the 1 job(s) active.
2023-05-30T13:45:47.285259+0200 DEBUG Bracket ID 13:
| budget  | pending | waiting |  done   |
-----------------------------------------
|  16.67  |    2    |    1    |    0    |
|  50.00  |    1    |    0    |    0    |
-----------------------------------------
2023-05-30T13:45:47.286255+0200 DEBUG Collecting 1 of the 1 job(s) active.
2023-05-30T13:45:47.307200+0200 DEBUG Bracket ID 13:
| budget  | pending | waiting |  done   |
-----------------------------------------
|  16.67  |    1    |    1    |    1    |
|  50.00  |    1    |    0    |    0    |
-----------------------------------------
2023-05-30T13:45:47.307200+0200 DEBUG Collecting 1 of the 1 job(s) active.
2023-05-30T13:45:47.330139+0200 DEBUG Bracket ID 13:
| budget  | pending | waiting |  done   |
-----------------------------------------
|  16.67  |    0    |    1    |    2    |
|  50.00  |    1    |    0    |    0    |
-----------------------------------------
2023-05-30T13:45:47.330139+0200 DEBUG Collecting 1 of the 1 job(s) active.
2023-05-30T13:45:47.390944+0200 DEBUG Bracket ID 13:
| budget  | pending | waiting |  done   |
-----------------------------------------
|  16.67  |    0    |    0    |    3    |
|  50.00  |    0    |    1    |    0    |
-----------------------------------------
2023-05-30T13:45:47.390944+0200 DEBUG Collecting 1 of the 1 job(s) active.
2023-05-30T13:45:47.458765+0200 DEBUG Bracket ID 14:
| budget  | pending | waiting |  done   |
-----------------------------------------
|  50.00  |    2    |    1    |    0    |
-----------------------------------------
2023-05-30T13:45:47.458765+0200 DEBUG Collecting 1 of the 1 job(s) active.
2023-05-30T13:45:47.519637+0200 DEBUG Bracket ID 14:
| budget  | pending | waiting |  done   |
-----------------------------------------
|  50.00  |    1    |    1    |    1    |
-----------------------------------------
2023-05-30T13:45:47.520633+0200 DEBUG Collecting 1 of the 1 job(s) active.
2023-05-30T13:45:47.583464+0200 DEBUG Bracket ID 14:
| budget  | pending | waiting |  done   |
-----------------------------------------
|  50.00  |    0    |    1    |    2    |
-----------------------------------------
2023-05-30T13:45:47.584460+0200 DEBUG Collecting 1 of the 1 job(s) active.
2023-05-30T13:45:47.592439+0200 DEBUG Bracket ID 15:
| budget  | pending | waiting |  done   |
-----------------------------------------
|  5.56   |    8    |    1    |    0    |
|  16.67  |    3    |    0    |    0    |
|  50.00  |    1    |    0    |    0    |
-----------------------------------------
2023-05-30T13:45:47.593437+0200 DEBUG Collecting 1 of the 1 job(s) active.
2023-05-30T13:45:47.602413+0200 DEBUG Bracket ID 15:
| budget  | pending | waiting |  done   |
-----------------------------------------
|  5.56   |    7    |    1    |    1    |
|  16.67  |    3    |    0    |    0    |
|  50.00  |    1    |    0    |    0    |
-----------------------------------------
2023-05-30T13:45:47.602413+0200 DEBUG Collecting 1 of the 1 job(s) active.
2023-05-30T13:45:47.611393+0200 DEBUG Bracket ID 15:
| budget  | pending | waiting |  done   |
-----------------------------------------
|  5.56   |    6    |    1    |    2    |
|  16.67  |    3    |    0    |    0    |
|  50.00  |    1    |    0    |    0    |
-----------------------------------------
2023-05-30T13:45:47.611393+0200 DEBUG Collecting 1 of the 1 job(s) active.
2023-05-30T13:45:47.621361+0200 DEBUG Bracket ID 15:
| budget  | pending | waiting |  done   |
-----------------------------------------
|  5.56   |    5    |    1    |    3    |
|  16.67  |    3    |    0    |    0    |
|  50.00  |    1    |    0    |    0    |
-----------------------------------------
2023-05-30T13:45:47.621361+0200 DEBUG Collecting 1 of the 1 job(s) active.
2023-05-30T13:45:47.630336+0200 DEBUG Bracket ID 15:
| budget  | pending | waiting |  done   |
-----------------------------------------
|  5.56   |    4    |    1    |    4    |
|  16.67  |    3    |    0    |    0    |
|  50.00  |    1    |    0    |    0    |
-----------------------------------------
2023-05-30T13:45:47.630336+0200 DEBUG Collecting 1 of the 1 job(s) active.
